<?xml version="1.0" encoding="UTF-8"?>
<testsuite xmlns:xsi="http://www.w3.org/2001/XMLSchema-instance" xsi:noNamespaceSchemaLocation="https://maven.apache.org/surefire/maven-surefire-plugin/xsd/surefire-test-report-3.0.xsd" version="3.0" name="com.datadoghq.AppTest" time="0.018" tests="2" errors="0" skipped="0" failures="0">
  <properties>
    <property name="java.specification.version" value="22"/>
    <property name="sun.jnu.encoding" value="UTF-8"/>
    <property name="java.class.path" value="/Users/ryan.richards/dd_java_bedrock_demo/target/test-classes:/Users/ryan.richards/dd_java_bedrock_demo/target/classes:/Users/ryan.richards/.m2/repository/software/amazon/awssdk/bedrockruntime/2.30.4/bedrockruntime-2.30.4.jar:/Users/ryan.richards/.m2/repository/software/amazon/awssdk/protocol-core/2.30.4/protocol-core-2.30.4.jar:/Users/ryan.richards/.m2/repository/software/amazon/awssdk/aws-json-protocol/2.30.4/aws-json-protocol-2.30.4.jar:/Users/ryan.richards/.m2/repository/software/amazon/awssdk/third-party-jackson-core/2.30.4/third-party-jackson-core-2.30.4.jar:/Users/ryan.richards/.m2/repository/software/amazon/awssdk/http-auth-aws/2.30.4/http-auth-aws-2.30.4.jar:/Users/ryan.richards/.m2/repository/software/amazon/awssdk/checksums-spi/2.30.4/checksums-spi-2.30.4.jar:/Users/ryan.richards/.m2/repository/software/amazon/awssdk/checksums/2.30.4/checksums-2.30.4.jar:/Users/ryan.richards/.m2/repository/software/amazon/awssdk/sdk-core/2.30.4/sdk-core-2.30.4.jar:/Users/ryan.richards/.m2/repository/software/amazon/awssdk/profiles/2.30.4/profiles-2.30.4.jar:/Users/ryan.richards/.m2/repository/software/amazon/awssdk/retries/2.30.4/retries-2.30.4.jar:/Users/ryan.richards/.m2/repository/org/reactivestreams/reactive-streams/1.0.4/reactive-streams-1.0.4.jar:/Users/ryan.richards/.m2/repository/software/amazon/awssdk/auth/2.30.4/auth-2.30.4.jar:/Users/ryan.richards/.m2/repository/software/amazon/awssdk/http-auth-aws-eventstream/2.30.4/http-auth-aws-eventstream-2.30.4.jar:/Users/ryan.richards/.m2/repository/software/amazon/eventstream/eventstream/1.0.1/eventstream-1.0.1.jar:/Users/ryan.richards/.m2/repository/software/amazon/awssdk/http-auth-spi/2.30.4/http-auth-spi-2.30.4.jar:/Users/ryan.richards/.m2/repository/software/amazon/awssdk/http-auth/2.30.4/http-auth-2.30.4.jar:/Users/ryan.richards/.m2/repository/software/amazon/awssdk/identity-spi/2.30.4/identity-spi-2.30.4.jar:/Users/ryan.richards/.m2/repository/software/amazon/awssdk/http-client-spi/2.30.4/http-client-spi-2.30.4.jar:/Users/ryan.richards/.m2/repository/software/amazon/awssdk/regions/2.30.4/regions-2.30.4.jar:/Users/ryan.richards/.m2/repository/software/amazon/awssdk/annotations/2.30.4/annotations-2.30.4.jar:/Users/ryan.richards/.m2/repository/software/amazon/awssdk/utils/2.30.4/utils-2.30.4.jar:/Users/ryan.richards/.m2/repository/software/amazon/awssdk/aws-core/2.30.4/aws-core-2.30.4.jar:/Users/ryan.richards/.m2/repository/software/amazon/awssdk/metrics-spi/2.30.4/metrics-spi-2.30.4.jar:/Users/ryan.richards/.m2/repository/software/amazon/awssdk/json-utils/2.30.4/json-utils-2.30.4.jar:/Users/ryan.richards/.m2/repository/software/amazon/awssdk/endpoints-spi/2.30.4/endpoints-spi-2.30.4.jar:/Users/ryan.richards/.m2/repository/software/amazon/awssdk/retries-spi/2.30.4/retries-spi-2.30.4.jar:/Users/ryan.richards/.m2/repository/software/amazon/awssdk/apache-client/2.30.4/apache-client-2.30.4.jar:/Users/ryan.richards/.m2/repository/org/apache/httpcomponents/httpclient/4.5.13/httpclient-4.5.13.jar:/Users/ryan.richards/.m2/repository/commons-logging/commons-logging/1.2/commons-logging-1.2.jar:/Users/ryan.richards/.m2/repository/org/apache/httpcomponents/httpcore/4.4.16/httpcore-4.4.16.jar:/Users/ryan.richards/.m2/repository/commons-codec/commons-codec/1.17.1/commons-codec-1.17.1.jar:/Users/ryan.richards/.m2/repository/software/amazon/awssdk/netty-nio-client/2.30.4/netty-nio-client-2.30.4.jar:/Users/ryan.richards/.m2/repository/io/netty/netty-codec-http/4.1.115.Final/netty-codec-http-4.1.115.Final.jar:/Users/ryan.richards/.m2/repository/io/netty/netty-codec-http2/4.1.115.Final/netty-codec-http2-4.1.115.Final.jar:/Users/ryan.richards/.m2/repository/io/netty/netty-codec/4.1.115.Final/netty-codec-4.1.115.Final.jar:/Users/ryan.richards/.m2/repository/io/netty/netty-transport/4.1.115.Final/netty-transport-4.1.115.Final.jar:/Users/ryan.richards/.m2/repository/io/netty/netty-common/4.1.115.Final/netty-common-4.1.115.Final.jar:/Users/ryan.richards/.m2/repository/io/netty/netty-buffer/4.1.115.Final/netty-buffer-4.1.115.Final.jar:/Users/ryan.richards/.m2/repository/io/netty/netty-handler/4.1.115.Final/netty-handler-4.1.115.Final.jar:/Users/ryan.richards/.m2/repository/io/netty/netty-transport-native-unix-common/4.1.115.Final/netty-transport-native-unix-common-4.1.115.Final.jar:/Users/ryan.richards/.m2/repository/io/netty/netty-transport-classes-epoll/4.1.115.Final/netty-transport-classes-epoll-4.1.115.Final.jar:/Users/ryan.richards/.m2/repository/io/netty/netty-resolver/4.1.115.Final/netty-resolver-4.1.115.Final.jar:/Users/ryan.richards/.m2/repository/org/json/json/20230227/json-20230227.jar:/Users/ryan.richards/.m2/repository/org/slf4j/slf4j-api/2.0.7/slf4j-api-2.0.7.jar:/Users/ryan.richards/.m2/repository/org/slf4j/slf4j-simple/2.0.7/slf4j-simple-2.0.7.jar:/Users/ryan.richards/.m2/repository/org/junit/jupiter/junit-jupiter/5.10.0/junit-jupiter-5.10.0.jar:/Users/ryan.richards/.m2/repository/org/junit/jupiter/junit-jupiter-api/5.10.0/junit-jupiter-api-5.10.0.jar:/Users/ryan.richards/.m2/repository/org/opentest4j/opentest4j/1.3.0/opentest4j-1.3.0.jar:/Users/ryan.richards/.m2/repository/org/junit/platform/junit-platform-commons/1.10.0/junit-platform-commons-1.10.0.jar:/Users/ryan.richards/.m2/repository/org/apiguardian/apiguardian-api/1.1.2/apiguardian-api-1.1.2.jar:/Users/ryan.richards/.m2/repository/org/junit/jupiter/junit-jupiter-params/5.10.0/junit-jupiter-params-5.10.0.jar:/Users/ryan.richards/.m2/repository/org/junit/jupiter/junit-jupiter-engine/5.10.0/junit-jupiter-engine-5.10.0.jar:/Users/ryan.richards/.m2/repository/org/junit/platform/junit-platform-engine/1.10.0/junit-platform-engine-1.10.0.jar:"/>
    <property name="java.vm.vendor" value="Eclipse Adoptium"/>
    <property name="sun.arch.data.model" value="64"/>
    <property name="java.vendor.url" value="https://adoptium.net/"/>
    <property name="os.name" value="Mac OS X"/>
    <property name="java.vm.specification.version" value="22"/>
    <property name="user.country" value="US"/>
    <property name="sun.java.launcher" value="SUN_STANDARD"/>
    <property name="sun.boot.library.path" value="/Library/Java/JavaVirtualMachines/temurin-22.jdk/Contents/Home/lib"/>
    <property name="sun.java.command" value="/Users/ryan.richards/dd_java_bedrock_demo/target/surefire/surefirebooter-20250123212017098_3.jar /Users/ryan.richards/dd_java_bedrock_demo/target/surefire 2025-01-23T21-20-17_064-jvmRun1 surefire-20250123212017098_1tmp surefire_0-20250123212017098_2tmp"/>
    <property name="jdk.debug" value="release"/>
    <property name="test" value="com.datadoghq.AppTest"/>
    <property name="surefire.test.class.path" value="/Users/ryan.richards/dd_java_bedrock_demo/target/test-classes:/Users/ryan.richards/dd_java_bedrock_demo/target/classes:/Users/ryan.richards/.m2/repository/software/amazon/awssdk/bedrockruntime/2.30.4/bedrockruntime-2.30.4.jar:/Users/ryan.richards/.m2/repository/software/amazon/awssdk/protocol-core/2.30.4/protocol-core-2.30.4.jar:/Users/ryan.richards/.m2/repository/software/amazon/awssdk/aws-json-protocol/2.30.4/aws-json-protocol-2.30.4.jar:/Users/ryan.richards/.m2/repository/software/amazon/awssdk/third-party-jackson-core/2.30.4/third-party-jackson-core-2.30.4.jar:/Users/ryan.richards/.m2/repository/software/amazon/awssdk/http-auth-aws/2.30.4/http-auth-aws-2.30.4.jar:/Users/ryan.richards/.m2/repository/software/amazon/awssdk/checksums-spi/2.30.4/checksums-spi-2.30.4.jar:/Users/ryan.richards/.m2/repository/software/amazon/awssdk/checksums/2.30.4/checksums-2.30.4.jar:/Users/ryan.richards/.m2/repository/software/amazon/awssdk/sdk-core/2.30.4/sdk-core-2.30.4.jar:/Users/ryan.richards/.m2/repository/software/amazon/awssdk/profiles/2.30.4/profiles-2.30.4.jar:/Users/ryan.richards/.m2/repository/software/amazon/awssdk/retries/2.30.4/retries-2.30.4.jar:/Users/ryan.richards/.m2/repository/org/reactivestreams/reactive-streams/1.0.4/reactive-streams-1.0.4.jar:/Users/ryan.richards/.m2/repository/software/amazon/awssdk/auth/2.30.4/auth-2.30.4.jar:/Users/ryan.richards/.m2/repository/software/amazon/awssdk/http-auth-aws-eventstream/2.30.4/http-auth-aws-eventstream-2.30.4.jar:/Users/ryan.richards/.m2/repository/software/amazon/eventstream/eventstream/1.0.1/eventstream-1.0.1.jar:/Users/ryan.richards/.m2/repository/software/amazon/awssdk/http-auth-spi/2.30.4/http-auth-spi-2.30.4.jar:/Users/ryan.richards/.m2/repository/software/amazon/awssdk/http-auth/2.30.4/http-auth-2.30.4.jar:/Users/ryan.richards/.m2/repository/software/amazon/awssdk/identity-spi/2.30.4/identity-spi-2.30.4.jar:/Users/ryan.richards/.m2/repository/software/amazon/awssdk/http-client-spi/2.30.4/http-client-spi-2.30.4.jar:/Users/ryan.richards/.m2/repository/software/amazon/awssdk/regions/2.30.4/regions-2.30.4.jar:/Users/ryan.richards/.m2/repository/software/amazon/awssdk/annotations/2.30.4/annotations-2.30.4.jar:/Users/ryan.richards/.m2/repository/software/amazon/awssdk/utils/2.30.4/utils-2.30.4.jar:/Users/ryan.richards/.m2/repository/software/amazon/awssdk/aws-core/2.30.4/aws-core-2.30.4.jar:/Users/ryan.richards/.m2/repository/software/amazon/awssdk/metrics-spi/2.30.4/metrics-spi-2.30.4.jar:/Users/ryan.richards/.m2/repository/software/amazon/awssdk/json-utils/2.30.4/json-utils-2.30.4.jar:/Users/ryan.richards/.m2/repository/software/amazon/awssdk/endpoints-spi/2.30.4/endpoints-spi-2.30.4.jar:/Users/ryan.richards/.m2/repository/software/amazon/awssdk/retries-spi/2.30.4/retries-spi-2.30.4.jar:/Users/ryan.richards/.m2/repository/software/amazon/awssdk/apache-client/2.30.4/apache-client-2.30.4.jar:/Users/ryan.richards/.m2/repository/org/apache/httpcomponents/httpclient/4.5.13/httpclient-4.5.13.jar:/Users/ryan.richards/.m2/repository/commons-logging/commons-logging/1.2/commons-logging-1.2.jar:/Users/ryan.richards/.m2/repository/org/apache/httpcomponents/httpcore/4.4.16/httpcore-4.4.16.jar:/Users/ryan.richards/.m2/repository/commons-codec/commons-codec/1.17.1/commons-codec-1.17.1.jar:/Users/ryan.richards/.m2/repository/software/amazon/awssdk/netty-nio-client/2.30.4/netty-nio-client-2.30.4.jar:/Users/ryan.richards/.m2/repository/io/netty/netty-codec-http/4.1.115.Final/netty-codec-http-4.1.115.Final.jar:/Users/ryan.richards/.m2/repository/io/netty/netty-codec-http2/4.1.115.Final/netty-codec-http2-4.1.115.Final.jar:/Users/ryan.richards/.m2/repository/io/netty/netty-codec/4.1.115.Final/netty-codec-4.1.115.Final.jar:/Users/ryan.richards/.m2/repository/io/netty/netty-transport/4.1.115.Final/netty-transport-4.1.115.Final.jar:/Users/ryan.richards/.m2/repository/io/netty/netty-common/4.1.115.Final/netty-common-4.1.115.Final.jar:/Users/ryan.richards/.m2/repository/io/netty/netty-buffer/4.1.115.Final/netty-buffer-4.1.115.Final.jar:/Users/ryan.richards/.m2/repository/io/netty/netty-handler/4.1.115.Final/netty-handler-4.1.115.Final.jar:/Users/ryan.richards/.m2/repository/io/netty/netty-transport-native-unix-common/4.1.115.Final/netty-transport-native-unix-common-4.1.115.Final.jar:/Users/ryan.richards/.m2/repository/io/netty/netty-transport-classes-epoll/4.1.115.Final/netty-transport-classes-epoll-4.1.115.Final.jar:/Users/ryan.richards/.m2/repository/io/netty/netty-resolver/4.1.115.Final/netty-resolver-4.1.115.Final.jar:/Users/ryan.richards/.m2/repository/org/json/json/20230227/json-20230227.jar:/Users/ryan.richards/.m2/repository/org/slf4j/slf4j-api/2.0.7/slf4j-api-2.0.7.jar:/Users/ryan.richards/.m2/repository/org/slf4j/slf4j-simple/2.0.7/slf4j-simple-2.0.7.jar:/Users/ryan.richards/.m2/repository/org/junit/jupiter/junit-jupiter/5.10.0/junit-jupiter-5.10.0.jar:/Users/ryan.richards/.m2/repository/org/junit/jupiter/junit-jupiter-api/5.10.0/junit-jupiter-api-5.10.0.jar:/Users/ryan.richards/.m2/repository/org/opentest4j/opentest4j/1.3.0/opentest4j-1.3.0.jar:/Users/ryan.richards/.m2/repository/org/junit/platform/junit-platform-commons/1.10.0/junit-platform-commons-1.10.0.jar:/Users/ryan.richards/.m2/repository/org/apiguardian/apiguardian-api/1.1.2/apiguardian-api-1.1.2.jar:/Users/ryan.richards/.m2/repository/org/junit/jupiter/junit-jupiter-params/5.10.0/junit-jupiter-params-5.10.0.jar:/Users/ryan.richards/.m2/repository/org/junit/jupiter/junit-jupiter-engine/5.10.0/junit-jupiter-engine-5.10.0.jar:/Users/ryan.richards/.m2/repository/org/junit/platform/junit-platform-engine/1.10.0/junit-platform-engine-1.10.0.jar:"/>
    <property name="sun.cpu.endian" value="little"/>
    <property name="user.home" value="/Users/ryan.richards"/>
    <property name="user.language" value="en"/>
    <property name="java.specification.vendor" value="Oracle Corporation"/>
    <property name="java.version.date" value="2024-07-16"/>
    <property name="java.home" value="/Library/Java/JavaVirtualMachines/temurin-22.jdk/Contents/Home"/>
    <property name="file.separator" value="/"/>
    <property name="basedir" value="/Users/ryan.richards/dd_java_bedrock_demo"/>
    <property name="java.vm.compressedOopsMode" value="Zero based"/>
    <property name="line.separator" value="&#10;"/>
    <property name="java.vm.specification.vendor" value="Oracle Corporation"/>
    <property name="java.specification.name" value="Java Platform API Specification"/>
    <property name="apple.awt.application.name" value="ForkedBooter"/>
    <property name="surefire.real.class.path" value="/Users/ryan.richards/dd_java_bedrock_demo/target/surefire/surefirebooter-20250123212017098_3.jar"/>
    <property name="sun.management.compiler" value="HotSpot 64-Bit Tiered Compilers"/>
    <property name="java.runtime.version" value="22.0.2+9"/>
    <property name="user.name" value="ryan.richards"/>
    <property name="stdout.encoding" value="UTF-8"/>
    <property name="path.separator" value=":"/>
    <property name="os.version" value="15.2"/>
    <property name="java.runtime.name" value="OpenJDK Runtime Environment"/>
    <property name="file.encoding" value="UTF-8"/>
    <property name="java.vm.name" value="OpenJDK 64-Bit Server VM"/>
    <property name="java.vendor.version" value="Temurin-22.0.2+9"/>
    <property name="maven.ext.class.path" value="/Users/ryan.richards/.vscode/extensions/oracle.oracle-java-23.0.1/nbcode/java/maven-nblib/netbeans-eventspy.jar"/>
    <property name="localRepository" value="/Users/ryan.richards/.m2/repository"/>
    <property name="java.vendor.url.bug" value="https://github.com/adoptium/adoptium-support/issues"/>
    <property name="java.io.tmpdir" value="/var/folders/7j/2khc0hp958xf5mclmn0rm8200000gp/T/"/>
    <property name="java.version" value="22.0.2"/>
    <property name="user.dir" value="/Users/ryan.richards/dd_java_bedrock_demo"/>
    <property name="os.arch" value="aarch64"/>
    <property name="java.vm.specification.name" value="Java Virtual Machine Specification"/>
    <property name="native.encoding" value="UTF-8"/>
    <property name="java.library.path" value="/Users/ryan.richards/Library/Java/Extensions:/Library/Java/Extensions:/Network/Library/Java/Extensions:/System/Library/Java/Extensions:/usr/lib/java:."/>
    <property name="java.vm.info" value="mixed mode"/>
    <property name="stderr.encoding" value="UTF-8"/>
    <property name="java.vendor" value="Eclipse Adoptium"/>
    <property name="java.vm.version" value="22.0.2+9"/>
    <property name="sun.io.unicode.encoding" value="UnicodeBig"/>
    <property name="java.class.version" value="66.0"/>
  </properties>
  <testcase name="testSendTraceSpan" classname="com.datadoghq.AppTest" time="0.01">
    <system-err><![CDATA[Failed to send trace span: Datadog API key is not set in environment variables.
]]></system-err>
  </testcase>
  <testcase name="testApp" classname="com.datadoghq.AppTest" time="0.0"/>
</testsuite>